*** Using Compiler 'V5.06 update 7 (build 960)', folder: 'D:\MCU3.36\ARM\ARMCC\Bin'
Rebuild target 'Template'
assembling startup_stm32f103xe.s...
compiling stm32f1xx_hal_rcc_ex.c...
compiling sys.c...
compiling stm32f1xx_hal_gpio.c...
compiling stm32f1xx_hal_uart.c...
compiling key.c...
compiling delay.c...
compiling beep.c...
compiling stm32f1xx_hal_rcc.c...
compiling led.c...
compiling stm32f1xx_hal_usart.c...
compiling stm32f1xx_hal_cortex.c...
compiling stm32f1xx_hal.c...
compiling stm32f1xx_hal_gpio_ex.c...
compiling exti.c...
compiling usart.c...
compiling stm32f1xx_hal_dma.c...
compiling stm32f1xx_it.c...
compiling main.c...
compiling system_stm32f1xx.c...
linking...
Program Size: Code=6684 RO-data=360 RW-data=28 ZI-data=1900  
"..\..\Output\atk_f103.axf" - 0 Error(s), 0 Warning(s).
Build Time Elapsed:  00:00:09
